==============================================================================
Login :: Authorization test suite                                             
==============================================================================
User Login                                                            | PASS |
------------------------------------------------------------------------------
Incorrect Pass                                                        | PASS |
------------------------------------------------------------------------------
User Not Found                                                        | PASS |
------------------------------------------------------------------------------
Incorrect Email                                                       | PASS |
------------------------------------------------------------------------------
Required Email                                                        | PASS |
------------------------------------------------------------------------------
Required Password                                                     | PASS |
------------------------------------------------------------------------------
Required Fields                                                       | PASS |
------------------------------------------------------------------------------
Login :: Authorization test suite                                     | PASS |
7 tests, 7 passed, 0 failed
==============================================================================
Output:  C:\WorksAutomation\Getgeeks-Gravidade-Zero\Frontend\Logs\pabot_results\0\output.xml
